{
  "stats": {
    "suites": 1,
    "tests": 4,
    "passes": 4,
    "pending": 0,
    "failures": 0,
    "start": "2025-04-22T23:57:33.164Z",
    "end": "2025-04-22T23:57:39.125Z",
    "duration": 5961,
    "testsRegistered": 4,
    "passPercent": 100,
    "pendingPercent": 0,
    "other": 0,
    "hasOther": false,
    "skipped": 0,
    "hasSkipped": false
  },
  "results": [
    {
      "uuid": "ba0edc4c-b582-461f-922d-dc0a64cca6e8",
      "title": "",
      "fullFile": "cypress\\e2e\\exercicios1.cy.js",
      "file": "cypress\\e2e\\exercicios1.cy.js",
      "beforeHooks": [],
      "afterHooks": [],
      "tests": [],
      "suites": [
        {
          "uuid": "21302cda-e0f8-40fa-8f5b-cb62eccc7dd4",
          "title": "Página de cadastro",
          "fullFile": "",
          "file": "",
          "beforeHooks": [],
          "afterHooks": [],
          "tests": [
            {
              "title": "Verifica se o texto \"AdoPet\" está presente no html",
              "fullTitle": "Página de cadastro Verifica se o texto \"AdoPet\" está presente no html",
              "timedOut": null,
              "duration": 653,
              "state": "passed",
              "speed": "fast",
              "pass": true,
              "fail": false,
              "pending": false,
              "context": null,
              "code": "cy.title().should('eq', 'AdoPet'); //'eq' significa 'igual a'. 'O título deve ser igual a Adopet'.",
              "err": {},
              "uuid": "053ec929-541a-454a-81bd-20131b070f3c",
              "parentUUID": "21302cda-e0f8-40fa-8f5b-cb62eccc7dd4",
              "isHook": false,
              "skipped": false
            },
            {
              "title": "Verifica se o texto \"Quem ama adota!\" está presente no html",
              "fullTitle": "Página de cadastro Verifica se o texto \"Quem ama adota!\" está presente no html",
              "timedOut": null,
              "duration": 593,
              "state": "passed",
              "speed": "fast",
              "pass": true,
              "fail": false,
              "pending": false,
              "context": null,
              "code": "cy.contains('Quem ama adota!');",
              "err": {},
              "uuid": "2c5429ca-723d-42cd-89b7-82d311cad648",
              "parentUUID": "21302cda-e0f8-40fa-8f5b-cb62eccc7dd4",
              "isHook": false,
              "skipped": false
            },
            {
              "title": "Verifica se o texto do comentário está presente no html",
              "fullTitle": "Página de cadastro Verifica se o texto do comentário está presente no html",
              "timedOut": null,
              "duration": 419,
              "state": "passed",
              "speed": "fast",
              "pass": true,
              "fail": false,
              "pending": false,
              "context": null,
              "code": "cy.contains('Adotar pode mudar uma vida. Que tal buscar seu novo melhor amigo hoje? Vem com a gente!');",
              "err": {},
              "uuid": "1636c7b4-6779-4530-9d42-719a94ad9448",
              "parentUUID": "21302cda-e0f8-40fa-8f5b-cb62eccc7dd4",
              "isHook": false,
              "skipped": false
            },
            {
              "title": "Login válido por um caminho diferente",
              "fullTitle": "Página de cadastro Login válido por um caminho diferente",
              "timedOut": null,
              "duration": 1691,
              "state": "passed",
              "speed": "fast",
              "pass": true,
              "fail": false,
              "pending": false,
              "context": null,
              "code": "cy.get('.header__message').click();\ncy.get('[data-test=\"input-loginEmail\"]').type('emiemi@email.com');\ncy.get('[data-test=\"input-loginPassword\"]').type('Senha123');\ncy.get('[data-test=\"submit-button\"]').click();",
              "err": {},
              "uuid": "ee7c9287-9d81-41b2-90a9-f80c47c38f63",
              "parentUUID": "21302cda-e0f8-40fa-8f5b-cb62eccc7dd4",
              "isHook": false,
              "skipped": false
            }
          ],
          "suites": [],
          "passes": [
            "053ec929-541a-454a-81bd-20131b070f3c",
            "2c5429ca-723d-42cd-89b7-82d311cad648",
            "1636c7b4-6779-4530-9d42-719a94ad9448",
            "ee7c9287-9d81-41b2-90a9-f80c47c38f63"
          ],
          "failures": [],
          "pending": [],
          "skipped": [],
          "duration": 3356,
          "root": false,
          "rootEmpty": false,
          "_timeout": 2000
        }
      ],
      "passes": [],
      "failures": [],
      "pending": [],
      "skipped": [],
      "duration": 0,
      "root": true,
      "rootEmpty": true,
      "_timeout": 2000
    }
  ],
  "meta": {
    "mocha": {
      "version": "7.0.1"
    },
    "mochawesome": {
      "options": {
        "quiet": false,
        "reportFilename": "mochawesome",
        "saveHtml": false,
        "saveJson": true,
        "consoleReporter": "spec",
        "useInlineDiffs": false,
        "code": true
      },
      "version": "7.1.3"
    },
    "marge": {
      "options": {
        "reportDir": "cypress/results",
        "overwrite": false,
        "html": false,
        "json": true,
        "timestamp": "mmddyyyy_HHMMss"
      },
      "version": "6.2.0"
    }
  }
}