{
  "stats": {
    "suites": 1,
    "tests": 1,
    "passes": 0,
    "pending": 0,
    "failures": 1,
    "start": "2025-04-23T23:22:43.177Z",
    "end": "2025-04-23T23:22:50.672Z",
    "duration": 7495,
    "testsRegistered": 1,
    "passPercent": 0,
    "pendingPercent": 0,
    "other": 0,
    "hasOther": false,
    "skipped": 0,
    "hasSkipped": false
  },
  "results": [
    {
      "uuid": "be23b3ac-f437-46b5-b4f4-db201d785044",
      "title": "",
      "fullFile": "cypress\\e2e\\verifica-imagens.cy.js",
      "file": "cypress\\e2e\\verifica-imagens.cy.js",
      "beforeHooks": [],
      "afterHooks": [],
      "tests": [],
      "suites": [
        {
          "uuid": "44e10e65-d066-4c28-96d4-bcf0cfd3c3fd",
          "title": "Verifica imagens",
          "fullFile": "",
          "file": "",
          "beforeHooks": [],
          "afterHooks": [],
          "tests": [
            {
              "title": "Verifica imagens dos animais",
              "fullTitle": "Verifica imagens Verifica imagens dos animais",
              "timedOut": null,
              "duration": 5223,
              "state": "failed",
              "speed": null,
              "pass": false,
              "fail": true,
              "pending": false,
              "context": null,
              "code": "cy.get('.cards').should('be.visible');",
              "err": {
                "message": "AssertionError: Timed out retrying after 4000ms: Expected to find element: `.cards`, but never found it.",
                "estack": "AssertionError: Timed out retrying after 4000ms: Expected to find element: `.cards`, but never found it.\n    at Context.eval (webpack://curso_cypress/./cypress/e2e/verifica-imagens.cy.js:8:25)",
                "diff": null
              },
              "uuid": "0d3909cc-f17c-486f-9ed9-cfa6150724b7",
              "parentUUID": "44e10e65-d066-4c28-96d4-bcf0cfd3c3fd",
              "isHook": false,
              "skipped": false
            }
          ],
          "suites": [],
          "passes": [],
          "failures": [
            "0d3909cc-f17c-486f-9ed9-cfa6150724b7"
          ],
          "pending": [],
          "skipped": [],
          "duration": 5223,
          "root": false,
          "rootEmpty": false,
          "_timeout": 2000
        }
      ],
      "passes": [],
      "failures": [],
      "pending": [],
      "skipped": [],
      "duration": 0,
      "root": true,
      "rootEmpty": true,
      "_timeout": 2000
    }
  ],
  "meta": {
    "mocha": {
      "version": "7.0.1"
    },
    "mochawesome": {
      "options": {
        "quiet": false,
        "reportFilename": "mochawesome",
        "saveHtml": true,
        "saveJson": true,
        "consoleReporter": "spec",
        "useInlineDiffs": false,
        "code": true
      },
      "version": "7.1.3"
    },
    "marge": {
      "options": {
        "reportDir": "cypress/results",
        "overwrite": false,
        "html": true,
        "json": true,
        "timestamp": "mmddyyyy_HHMMss"
      },
      "version": "6.2.0"
    }
  }
}