{
  "stats": {
    "suites": 1,
    "tests": 1,
    "passes": 1,
    "pending": 0,
    "failures": 0,
    "start": "2025-04-23T00:01:00.828Z",
    "end": "2025-04-23T00:01:04.875Z",
    "duration": 4047,
    "testsRegistered": 1,
    "passPercent": 100,
    "pendingPercent": 0,
    "other": 0,
    "hasOther": false,
    "skipped": 0,
    "hasSkipped": false
  },
  "results": [
    {
      "uuid": "fd4d5c32-d8b6-4290-979f-d0f0bef9bae3",
      "title": "",
      "fullFile": "cypress\\e2e\\login-correto.cy.js",
      "file": "cypress\\e2e\\login-correto.cy.js",
      "beforeHooks": [],
      "afterHooks": [],
      "tests": [],
      "suites": [
        {
          "uuid": "0c6178fd-8293-40b9-a308-06e41791d33d",
          "title": "Página de cadastro",
          "fullFile": "",
          "file": "",
          "beforeHooks": [],
          "afterHooks": [],
          "tests": [
            {
              "title": "Preencher os campos do formulário incorretamente e mostrar mensagens para o usuário",
              "fullTitle": "Página de cadastro Preencher os campos do formulário incorretamente e mostrar mensagens para o usuário",
              "timedOut": null,
              "duration": 2442,
              "state": "passed",
              "speed": "fast",
              "pass": true,
              "fail": false,
              "pending": false,
              "context": null,
              "code": "cy.login('emi@email.com', 'Senha123');",
              "err": {},
              "uuid": "94c9c72f-8deb-4ca0-8dd4-31b286050455",
              "parentUUID": "0c6178fd-8293-40b9-a308-06e41791d33d",
              "isHook": false,
              "skipped": false
            }
          ],
          "suites": [],
          "passes": [
            "94c9c72f-8deb-4ca0-8dd4-31b286050455"
          ],
          "failures": [],
          "pending": [],
          "skipped": [],
          "duration": 2442,
          "root": false,
          "rootEmpty": false,
          "_timeout": 2000
        }
      ],
      "passes": [],
      "failures": [],
      "pending": [],
      "skipped": [],
      "duration": 0,
      "root": true,
      "rootEmpty": true,
      "_timeout": 2000
    }
  ],
  "meta": {
    "mocha": {
      "version": "7.0.1"
    },
    "mochawesome": {
      "options": {
        "quiet": false,
        "reportFilename": "mochawesome",
        "saveHtml": true,
        "saveJson": true,
        "consoleReporter": "spec",
        "useInlineDiffs": false,
        "code": true
      },
      "version": "7.1.3"
    },
    "marge": {
      "options": {
        "reportDir": "cypress/results",
        "overwrite": false,
        "html": true,
        "json": true,
        "timestamp": "mmddyyyy_HHMMss"
      },
      "version": "6.2.0"
    }
  }
}