{
  "stats": {
    "suites": 1,
    "tests": 1,
    "passes": 1,
    "pending": 0,
    "failures": 0,
    "start": "2025-04-23T22:56:34.796Z",
    "end": "2025-04-23T22:56:39.252Z",
    "duration": 4456,
    "testsRegistered": 1,
    "passPercent": 100,
    "pendingPercent": 0,
    "other": 0,
    "hasOther": false,
    "skipped": 0,
    "hasSkipped": false
  },
  "results": [
    {
      "uuid": "cd4e7ac0-3424-487d-a9b0-4e152d3f5580",
      "title": "",
      "fullFile": "cypress\\e2e\\cadastro-incorreto.cy.js",
      "file": "cypress\\e2e\\cadastro-incorreto.cy.js",
      "beforeHooks": [],
      "afterHooks": [],
      "tests": [],
      "suites": [
        {
          "uuid": "61851c64-e839-46b8-ac3b-1cf8e98ab586",
          "title": "Página de cadastro",
          "fullFile": "",
          "file": "",
          "beforeHooks": [],
          "afterHooks": [],
          "tests": [
            {
              "title": "Preencher os campos do formulário incorretamente e mostrar mensagens para o usuário",
              "fullTitle": "Página de cadastro Preencher os campos do formulário incorretamente e mostrar mensagens para o usuário",
              "timedOut": null,
              "duration": 2136,
              "state": "passed",
              "speed": "fast",
              "pass": true,
              "fail": false,
              "pending": false,
              "context": null,
              "code": "cy.cadastro_incorreto();",
              "err": {},
              "uuid": "96bf42ed-a945-4e92-b9ce-6f6fe2084760",
              "parentUUID": "61851c64-e839-46b8-ac3b-1cf8e98ab586",
              "isHook": false,
              "skipped": false
            }
          ],
          "suites": [],
          "passes": [
            "96bf42ed-a945-4e92-b9ce-6f6fe2084760"
          ],
          "failures": [],
          "pending": [],
          "skipped": [],
          "duration": 2136,
          "root": false,
          "rootEmpty": false,
          "_timeout": 2000
        }
      ],
      "passes": [],
      "failures": [],
      "pending": [],
      "skipped": [],
      "duration": 0,
      "root": true,
      "rootEmpty": true,
      "_timeout": 2000
    }
  ],
  "meta": {
    "mocha": {
      "version": "7.0.1"
    },
    "mochawesome": {
      "options": {
        "quiet": false,
        "reportFilename": "mochawesome",
        "saveHtml": true,
        "saveJson": true,
        "consoleReporter": "spec",
        "useInlineDiffs": false,
        "code": true
      },
      "version": "7.1.3"
    },
    "marge": {
      "options": {
        "reportDir": "cypress/results",
        "overwrite": false,
        "html": true,
        "json": true,
        "timestamp": "mmddyyyy_HHMMss"
      },
      "version": "6.2.0"
    }
  }
}