{
  "stats": {
    "suites": 1,
    "tests": 1,
    "passes": 1,
    "pending": 0,
    "failures": 0,
    "start": "2025-04-22T23:57:47.350Z",
    "end": "2025-04-22T23:57:52.068Z",
    "duration": 4718,
    "testsRegistered": 1,
    "passPercent": 100,
    "pendingPercent": 0,
    "other": 0,
    "hasOther": false,
    "skipped": 0,
    "hasSkipped": false
  },
  "results": [
    {
      "uuid": "b1105fed-aa7c-40dc-ada6-7f0f0dd27dde",
      "title": "",
      "fullFile": "cypress\\e2e\\login-correto.cy.js",
      "file": "cypress\\e2e\\login-correto.cy.js",
      "beforeHooks": [],
      "afterHooks": [],
      "tests": [],
      "suites": [
        {
          "uuid": "e00c3628-453a-436b-865c-1da6bf656478",
          "title": "Página de cadastro",
          "fullFile": "",
          "file": "",
          "beforeHooks": [],
          "afterHooks": [],
          "tests": [
            {
              "title": "Preencher os campos do formulário incorretamente e mostrar mensagens para o usuário",
              "fullTitle": "Página de cadastro Preencher os campos do formulário incorretamente e mostrar mensagens para o usuário",
              "timedOut": null,
              "duration": 2131,
              "state": "passed",
              "speed": "fast",
              "pass": true,
              "fail": false,
              "pending": false,
              "context": null,
              "code": "cy.login('emi@email.com', 'Senha123');",
              "err": {},
              "uuid": "80b692e4-4d5e-44a1-8767-75758608ae56",
              "parentUUID": "e00c3628-453a-436b-865c-1da6bf656478",
              "isHook": false,
              "skipped": false
            }
          ],
          "suites": [],
          "passes": [
            "80b692e4-4d5e-44a1-8767-75758608ae56"
          ],
          "failures": [],
          "pending": [],
          "skipped": [],
          "duration": 2131,
          "root": false,
          "rootEmpty": false,
          "_timeout": 2000
        }
      ],
      "passes": [],
      "failures": [],
      "pending": [],
      "skipped": [],
      "duration": 0,
      "root": true,
      "rootEmpty": true,
      "_timeout": 2000
    }
  ],
  "meta": {
    "mocha": {
      "version": "7.0.1"
    },
    "mochawesome": {
      "options": {
        "quiet": false,
        "reportFilename": "mochawesome",
        "saveHtml": false,
        "saveJson": true,
        "consoleReporter": "spec",
        "useInlineDiffs": false,
        "code": true
      },
      "version": "7.1.3"
    },
    "marge": {
      "options": {
        "reportDir": "cypress/results",
        "overwrite": false,
        "html": false,
        "json": true,
        "timestamp": "mmddyyyy_HHMMss"
      },
      "version": "6.2.0"
    }
  }
}