{
  "stats": {
    "suites": 1,
    "tests": 4,
    "passes": 4,
    "pending": 0,
    "failures": 0,
    "start": "2025-04-23T00:00:53.809Z",
    "end": "2025-04-23T00:00:58.440Z",
    "duration": 4631,
    "testsRegistered": 4,
    "passPercent": 100,
    "pendingPercent": 0,
    "other": 0,
    "hasOther": false,
    "skipped": 0,
    "hasSkipped": false
  },
  "results": [
    {
      "uuid": "f82dfe7a-8a77-43e2-bc6f-e1c52714ef4d",
      "title": "",
      "fullFile": "cypress\\e2e\\exercicios1.cy.js",
      "file": "cypress\\e2e\\exercicios1.cy.js",
      "beforeHooks": [],
      "afterHooks": [],
      "tests": [],
      "suites": [
        {
          "uuid": "ffc04ee1-53cf-4f06-bb27-8a0ef26f22c0",
          "title": "Página de cadastro",
          "fullFile": "",
          "file": "",
          "beforeHooks": [],
          "afterHooks": [],
          "tests": [
            {
              "title": "Verifica se o texto \"AdoPet\" está presente no html",
              "fullTitle": "Página de cadastro Verifica se o texto \"AdoPet\" está presente no html",
              "timedOut": null,
              "duration": 342,
              "state": "passed",
              "speed": "fast",
              "pass": true,
              "fail": false,
              "pending": false,
              "context": null,
              "code": "cy.title().should('eq', 'AdoPet'); //'eq' significa 'igual a'. 'O título deve ser igual a Adopet'.",
              "err": {},
              "uuid": "8aa80496-1231-4b63-bdd8-773bc4596fb9",
              "parentUUID": "ffc04ee1-53cf-4f06-bb27-8a0ef26f22c0",
              "isHook": false,
              "skipped": false
            },
            {
              "title": "Verifica se o texto \"Quem ama adota!\" está presente no html",
              "fullTitle": "Página de cadastro Verifica se o texto \"Quem ama adota!\" está presente no html",
              "timedOut": null,
              "duration": 620,
              "state": "passed",
              "speed": "fast",
              "pass": true,
              "fail": false,
              "pending": false,
              "context": null,
              "code": "cy.contains('Quem ama adota!');",
              "err": {},
              "uuid": "2a5a0ce3-7e33-43e7-8660-160e5c4e9e12",
              "parentUUID": "ffc04ee1-53cf-4f06-bb27-8a0ef26f22c0",
              "isHook": false,
              "skipped": false
            },
            {
              "title": "Verifica se o texto do comentário está presente no html",
              "fullTitle": "Página de cadastro Verifica se o texto do comentário está presente no html",
              "timedOut": null,
              "duration": 352,
              "state": "passed",
              "speed": "fast",
              "pass": true,
              "fail": false,
              "pending": false,
              "context": null,
              "code": "cy.contains('Adotar pode mudar uma vida. Que tal buscar seu novo melhor amigo hoje? Vem com a gente!');",
              "err": {},
              "uuid": "0c97b6be-a37b-478a-901f-4cb29c1814da",
              "parentUUID": "ffc04ee1-53cf-4f06-bb27-8a0ef26f22c0",
              "isHook": false,
              "skipped": false
            },
            {
              "title": "Login válido por um caminho diferente",
              "fullTitle": "Página de cadastro Login válido por um caminho diferente",
              "timedOut": null,
              "duration": 1694,
              "state": "passed",
              "speed": "fast",
              "pass": true,
              "fail": false,
              "pending": false,
              "context": null,
              "code": "cy.get('.header__message').click();\ncy.get('[data-test=\"input-loginEmail\"]').type('emiemi@email.com');\ncy.get('[data-test=\"input-loginPassword\"]').type('Senha123');\ncy.get('[data-test=\"submit-button\"]').click();",
              "err": {},
              "uuid": "b504e593-efac-47bb-9481-66492874204b",
              "parentUUID": "ffc04ee1-53cf-4f06-bb27-8a0ef26f22c0",
              "isHook": false,
              "skipped": false
            }
          ],
          "suites": [],
          "passes": [
            "8aa80496-1231-4b63-bdd8-773bc4596fb9",
            "2a5a0ce3-7e33-43e7-8660-160e5c4e9e12",
            "0c97b6be-a37b-478a-901f-4cb29c1814da",
            "b504e593-efac-47bb-9481-66492874204b"
          ],
          "failures": [],
          "pending": [],
          "skipped": [],
          "duration": 3008,
          "root": false,
          "rootEmpty": false,
          "_timeout": 2000
        }
      ],
      "passes": [],
      "failures": [],
      "pending": [],
      "skipped": [],
      "duration": 0,
      "root": true,
      "rootEmpty": true,
      "_timeout": 2000
    }
  ],
  "meta": {
    "mocha": {
      "version": "7.0.1"
    },
    "mochawesome": {
      "options": {
        "quiet": false,
        "reportFilename": "mochawesome",
        "saveHtml": true,
        "saveJson": true,
        "consoleReporter": "spec",
        "useInlineDiffs": false,
        "code": true
      },
      "version": "7.1.3"
    },
    "marge": {
      "options": {
        "reportDir": "cypress/results",
        "overwrite": false,
        "html": true,
        "json": true,
        "timestamp": "mmddyyyy_HHMMss"
      },
      "version": "6.2.0"
    }
  }
}