{
  "stats": {
    "suites": 1,
    "tests": 4,
    "passes": 4,
    "pending": 0,
    "failures": 0,
    "start": "2025-04-23T00:10:49.626Z",
    "end": "2025-04-23T00:10:55.272Z",
    "duration": 5646,
    "testsRegistered": 4,
    "passPercent": 100,
    "pendingPercent": 0,
    "other": 0,
    "hasOther": false,
    "skipped": 0,
    "hasSkipped": false
  },
  "results": [
    {
      "uuid": "53f4273a-9f56-4571-bb74-197e897aaea0",
      "title": "",
      "fullFile": "cypress\\e2e\\exercicios1.cy.js",
      "file": "cypress\\e2e\\exercicios1.cy.js",
      "beforeHooks": [],
      "afterHooks": [],
      "tests": [],
      "suites": [
        {
          "uuid": "6c73a160-1058-4ad1-af97-5e51b2071775",
          "title": "Página de cadastro",
          "fullFile": "",
          "file": "",
          "beforeHooks": [],
          "afterHooks": [],
          "tests": [
            {
              "title": "Verifica se o texto \"AdoPet\" está presente no html",
              "fullTitle": "Página de cadastro Verifica se o texto \"AdoPet\" está presente no html",
              "timedOut": null,
              "duration": 622,
              "state": "passed",
              "speed": "fast",
              "pass": true,
              "fail": false,
              "pending": false,
              "context": null,
              "code": "cy.title().should('eq', 'AdoPet'); //'eq' significa 'igual a'. 'O título deve ser igual a Adopet'.",
              "err": {},
              "uuid": "a37cf374-efab-47ef-8613-394f8fc770c8",
              "parentUUID": "6c73a160-1058-4ad1-af97-5e51b2071775",
              "isHook": false,
              "skipped": false
            },
            {
              "title": "Verifica se o texto \"Quem ama adota!\" está presente no html",
              "fullTitle": "Página de cadastro Verifica se o texto \"Quem ama adota!\" está presente no html",
              "timedOut": null,
              "duration": 701,
              "state": "passed",
              "speed": "fast",
              "pass": true,
              "fail": false,
              "pending": false,
              "context": null,
              "code": "cy.contains('Quem ama adota!');",
              "err": {},
              "uuid": "1f292348-a328-4d2e-9b36-760025d4e414",
              "parentUUID": "6c73a160-1058-4ad1-af97-5e51b2071775",
              "isHook": false,
              "skipped": false
            },
            {
              "title": "Verifica se o texto do comentário está presente no html",
              "fullTitle": "Página de cadastro Verifica se o texto do comentário está presente no html",
              "timedOut": null,
              "duration": 425,
              "state": "passed",
              "speed": "fast",
              "pass": true,
              "fail": false,
              "pending": false,
              "context": null,
              "code": "cy.contains('Adotar pode mudar uma vida. Que tal buscar seu novo melhor amigo hoje? Vem com a gente!');",
              "err": {},
              "uuid": "dd36316e-0e98-4bff-895c-27a7ece433ec",
              "parentUUID": "6c73a160-1058-4ad1-af97-5e51b2071775",
              "isHook": false,
              "skipped": false
            },
            {
              "title": "Login válido por um caminho diferente",
              "fullTitle": "Página de cadastro Login válido por um caminho diferente",
              "timedOut": null,
              "duration": 1685,
              "state": "passed",
              "speed": "fast",
              "pass": true,
              "fail": false,
              "pending": false,
              "context": null,
              "code": "cy.get('.header__message').click();\ncy.get('[data-test=\"input-loginEmail\"]').type('emiemi@email.com');\ncy.get('[data-test=\"input-loginPassword\"]').type('Senha123');\ncy.get('[data-test=\"submit-button\"]').click();",
              "err": {},
              "uuid": "cff08ec2-d85b-40fa-9602-d18d1e04afde",
              "parentUUID": "6c73a160-1058-4ad1-af97-5e51b2071775",
              "isHook": false,
              "skipped": false
            }
          ],
          "suites": [],
          "passes": [
            "a37cf374-efab-47ef-8613-394f8fc770c8",
            "1f292348-a328-4d2e-9b36-760025d4e414",
            "dd36316e-0e98-4bff-895c-27a7ece433ec",
            "cff08ec2-d85b-40fa-9602-d18d1e04afde"
          ],
          "failures": [],
          "pending": [],
          "skipped": [],
          "duration": 3433,
          "root": false,
          "rootEmpty": false,
          "_timeout": 2000
        }
      ],
      "passes": [],
      "failures": [],
      "pending": [],
      "skipped": [],
      "duration": 0,
      "root": true,
      "rootEmpty": true,
      "_timeout": 2000
    }
  ],
  "meta": {
    "mocha": {
      "version": "7.0.1"
    },
    "mochawesome": {
      "options": {
        "quiet": false,
        "reportFilename": "mochawesome",
        "saveHtml": true,
        "saveJson": true,
        "consoleReporter": "spec",
        "useInlineDiffs": false,
        "code": true
      },
      "version": "7.1.3"
    },
    "marge": {
      "options": {
        "reportDir": "cypress/results",
        "overwrite": false,
        "html": true,
        "json": true,
        "timestamp": "mmddyyyy_HHMMss"
      },
      "version": "6.2.0"
    }
  }
}